<?xml version="1.0" encoding="UTF-8"?>
<!-- Generated by org.testng.reporters.JUnitXMLReporter -->
<testsuite ignored="1" hostname="DESKTOP-EK4M9QR" failures="0" tests="6" name="Car Loan" time="0.022" errors="0" timestamp="2022-03-24T16:31:19 EDT">
  <testcase classname="test.Day3" name="MobilesigninCarLoan" time="0.001"/>
  <testcase classname="test.Day3" name="MobilesignoutCarLoan" time="0.001"/>
  <testcase classname="test.Day3" name="MobilesignoutCarLoan" time="0.001"/>
  <testcase classname="test.Day3" name="MobilesignoutCarLoan" time="0.001"/>
  <testcase classname="test.Day3" name="WebloginCarLoan" time="0.001"/>
  <testcase classname="test.Day3" name="APICarLoan" time="0.001"/>
  <testcase classname="test.Day3" name="MobileLoginCarLoan" time="0.0">
    <ignored/>
  </testcase> <!-- MobileLoginCarLoan -->
</testsuite> <!-- Car Loan -->
