<?xml version="1.0" encoding="UTF-8"?>
<!-- Generated by org.testng.reporters.JUnitXMLReporter -->
<testsuite ignored="1" hostname="DESKTOP-EK4M9QR" failures="0" tests="5" name="Personal Loan" time="0.038" errors="0" timestamp="2022-03-24T16:31:19 EDT">
  <testcase classname="test.Day1" name="Demo" time="0.004"/>
  <testcase classname="test.Day2" name="ploan" time="0.001"/>
  <testcase classname="test.Day4" name="LoginAPIHomeLoan" time="0.001"/>
  <testcase classname="test.Day4" name="MobileLoginHomeLoan" time="0.001"/>
  <testcase classname="test.Day4" name="WebloginHomeLoan" time="0.0"/>
  <testcase classname="test.Day1" name="SecondTest" time="0.0">
    <ignored/>
  </testcase> <!-- SecondTest -->
</testsuite> <!-- Personal Loan -->
