<?xml version="1.0" encoding="UTF-8"?>
<testng-results ignored="2" total="13" passed="11" failed="0" skipped="0">
  <reporter-output>
  </reporter-output>
  <suite started-at="2022-03-24T16:31:19 EDT" name="Loan Department" finished-at="2022-03-24T16:31:19 EDT" duration-ms="114">
    <groups>
      <group name="Smoke">
        <method signature="Day2.ploan()[pri:0, instance:test.Day2@120f102b]" name="ploan" class="test.Day2"/>
        <method signature="Day4.MobileLoginHomeLoan()[pri:0, instance:test.Day4@625732]" name="MobileLoginHomeLoan" class="test.Day4"/>
        <method signature="Day3.MobilesigninCarLoan()[pri:0, instance:test.Day3@4d0f2471]" name="MobilesigninCarLoan" class="test.Day3"/>
      </group> <!-- Smoke -->
    </groups>
    <test started-at="2022-03-24T16:31:19 EDT" name="Personal Loan" finished-at="2022-03-24T16:31:19 EDT" duration-ms="38">
      <class name="test.Day1">
        <test-method signature="Demo()[pri:0, instance:test.Day1@be35cd9]" started-at="2022-03-24T16:31:19 EDT" name="Demo" finished-at="2022-03-24T16:31:19 EDT" duration-ms="4" status="PASS">
          <reporter-output>
          </reporter-output>
        </test-method> <!-- Demo -->
        <test-method is-config="true" signature="LastExecution()[pri:0, instance:test.Day1@be35cd9]" started-at="2022-03-24T16:31:19 EDT" name="LastExecution" finished-at="2022-03-24T16:31:19 EDT" duration-ms="0" status="PASS">
          <reporter-output>
          </reporter-output>
        </test-method> <!-- LastExecution -->
      </class> <!-- test.Day1 -->
      <class name="test.Day2">
        <test-method is-config="true" signature="prerequiste()[pri:0, instance:test.Day2@120f102b]" started-at="2022-03-24T16:31:19 EDT" name="prerequiste" finished-at="2022-03-24T16:31:19 EDT" duration-ms="0" status="PASS">
          <reporter-output>
          </reporter-output>
        </test-method> <!-- prerequiste -->
        <test-method signature="ploan()[pri:0, instance:test.Day2@120f102b]" started-at="2022-03-24T16:31:19 EDT" name="ploan" finished-at="2022-03-24T16:31:19 EDT" duration-ms="1" status="PASS">
          <reporter-output>
          </reporter-output>
        </test-method> <!-- ploan -->
      </class> <!-- test.Day2 -->
      <class name="test.Day4">
        <test-method signature="LoginAPIHomeLoan()[pri:0, instance:test.Day4@625732]" started-at="2022-03-24T16:31:19 EDT" name="LoginAPIHomeLoan" finished-at="2022-03-24T16:31:19 EDT" duration-ms="1" status="PASS">
          <reporter-output>
          </reporter-output>
        </test-method> <!-- LoginAPIHomeLoan -->
        <test-method signature="MobileLoginHomeLoan()[pri:0, instance:test.Day4@625732]" started-at="2022-03-24T16:31:19 EDT" name="MobileLoginHomeLoan" finished-at="2022-03-24T16:31:19 EDT" duration-ms="1" status="PASS">
          <reporter-output>
          </reporter-output>
        </test-method> <!-- MobileLoginHomeLoan -->
        <test-method signature="WebloginHomeLoan(java.lang.String)[pri:0, instance:test.Day4@625732]" started-at="2022-03-24T16:31:19 EDT" name="WebloginHomeLoan" finished-at="2022-03-24T16:31:19 EDT" duration-ms="0" status="PASS">
          <params>
            <param index="0">
              <value>
                <![CDATA[personalLoan.com]]>
              </value>
            </param>
          </params>
          <reporter-output>
          </reporter-output>
        </test-method> <!-- WebloginHomeLoan -->
      </class> <!-- test.Day4 -->
    </test> <!-- Personal Loan -->
    <test started-at="2022-03-24T16:31:19 EDT" name="Car Loan" finished-at="2022-03-24T16:31:19 EDT" duration-ms="22">
      <class name="test.Day1">
        <test-method is-config="true" signature="aftesuite()[pri:0, instance:test.Day1@be35cd9]" started-at="2022-03-24T16:31:19 EDT" name="aftesuite" finished-at="2022-03-24T16:31:19 EDT" duration-ms="1" status="PASS">
          <reporter-output>
          </reporter-output>
        </test-method> <!-- aftesuite -->
      </class> <!-- test.Day1 -->
      <class name="test.Day3">
        <test-method is-config="true" signature="Beforsuit()[pri:0, instance:test.Day3@4d0f2471]" started-at="2022-03-24T16:31:19 EDT" name="Beforsuit" finished-at="2022-03-24T16:31:19 EDT" duration-ms="7" status="PASS">
          <reporter-output>
          </reporter-output>
        </test-method> <!-- Beforsuit -->
        <test-method is-config="true" signature="beforeevery()[pri:0, instance:test.Day3@4d0f2471]" started-at="2022-03-24T16:31:19 EDT" name="beforeevery" finished-at="2022-03-24T16:31:19 EDT" duration-ms="0" status="PASS">
          <reporter-output>
          </reporter-output>
        </test-method> <!-- beforeevery -->
        <test-method is-config="true" signature="beforeclass()[pri:0, instance:test.Day3@4d0f2471]" started-at="2022-03-24T16:31:19 EDT" name="beforeclass" finished-at="2022-03-24T16:31:19 EDT" duration-ms="0" status="PASS">
          <reporter-output>
          </reporter-output>
        </test-method> <!-- beforeclass -->
        <test-method signature="MobilesigninCarLoan()[pri:0, instance:test.Day3@4d0f2471]" started-at="2022-03-24T16:31:19 EDT" name="MobilesigninCarLoan" finished-at="2022-03-24T16:31:19 EDT" duration-ms="1" status="PASS">
          <reporter-output>
          </reporter-output>
        </test-method> <!-- MobilesigninCarLoan -->
        <test-method is-config="true" signature="afterevery()[pri:0, instance:test.Day3@4d0f2471]" started-at="2022-03-24T16:31:19 EDT" name="afterevery" finished-at="2022-03-24T16:31:19 EDT" duration-ms="0" status="PASS">
          <reporter-output>
          </reporter-output>
        </test-method> <!-- afterevery -->
        <test-method is-config="true" signature="beforeevery()[pri:0, instance:test.Day3@4d0f2471]" started-at="2022-03-24T16:31:19 EDT" name="beforeevery" finished-at="2022-03-24T16:31:19 EDT" duration-ms="1" status="PASS">
          <reporter-output>
          </reporter-output>
        </test-method> <!-- beforeevery -->
        <test-method signature="MobilesignoutCarLoan(java.lang.String,java.lang.String)[pri:0, instance:test.Day3@4d0f2471]" started-at="2022-03-24T16:31:19 EDT" name="MobilesignoutCarLoan" data-provider="getData" finished-at="2022-03-24T16:31:19 EDT" duration-ms="1" status="PASS">
          <params>
            <param index="0">
              <value>
                <![CDATA[firstsetusername]]>
              </value>
            </param>
            <param index="1">
              <value>
                <![CDATA[password]]>
              </value>
            </param>
          </params>
          <reporter-output>
          </reporter-output>
        </test-method> <!-- MobilesignoutCarLoan -->
        <test-method is-config="true" signature="afterevery()[pri:0, instance:test.Day3@4d0f2471]" started-at="2022-03-24T16:31:19 EDT" name="afterevery" finished-at="2022-03-24T16:31:19 EDT" duration-ms="0" status="PASS">
          <reporter-output>
          </reporter-output>
        </test-method> <!-- afterevery -->
        <test-method is-config="true" signature="beforeevery()[pri:0, instance:test.Day3@4d0f2471]" started-at="2022-03-24T16:31:19 EDT" name="beforeevery" finished-at="2022-03-24T16:31:19 EDT" duration-ms="0" status="PASS">
          <reporter-output>
          </reporter-output>
        </test-method> <!-- beforeevery -->
        <test-method signature="MobilesignoutCarLoan(java.lang.String,java.lang.String)[pri:0, instance:test.Day3@4d0f2471]" started-at="2022-03-24T16:31:19 EDT" name="MobilesignoutCarLoan" data-provider="getData" finished-at="2022-03-24T16:31:19 EDT" duration-ms="1" status="PASS">
          <params>
            <param index="0">
              <value>
                <![CDATA[Secondsetusername]]>
              </value>
            </param>
            <param index="1">
              <value>
                <![CDATA[Secondsetpassword]]>
              </value>
            </param>
          </params>
          <reporter-output>
          </reporter-output>
        </test-method> <!-- MobilesignoutCarLoan -->
        <test-method is-config="true" signature="beforeevery()[pri:0, instance:test.Day3@4d0f2471]" started-at="2022-03-24T16:31:19 EDT" name="beforeevery" finished-at="2022-03-24T16:31:19 EDT" duration-ms="1" status="PASS">
          <reporter-output>
          </reporter-output>
        </test-method> <!-- beforeevery -->
        <test-method is-config="true" signature="afterevery()[pri:0, instance:test.Day3@4d0f2471]" started-at="2022-03-24T16:31:19 EDT" name="afterevery" finished-at="2022-03-24T16:31:19 EDT" duration-ms="0" status="PASS">
          <reporter-output>
          </reporter-output>
        </test-method> <!-- afterevery -->
        <test-method signature="MobilesignoutCarLoan(java.lang.String,java.lang.String)[pri:0, instance:test.Day3@4d0f2471]" started-at="2022-03-24T16:31:19 EDT" name="MobilesignoutCarLoan" data-provider="getData" finished-at="2022-03-24T16:31:19 EDT" duration-ms="1" status="PASS">
          <params>
            <param index="0">
              <value>
                <![CDATA[Thirdsetusername]]>
              </value>
            </param>
            <param index="1">
              <value>
                <![CDATA[Thirdsetpassword]]>
              </value>
            </param>
          </params>
          <reporter-output>
          </reporter-output>
        </test-method> <!-- MobilesignoutCarLoan -->
        <test-method is-config="true" signature="afterevery()[pri:0, instance:test.Day3@4d0f2471]" started-at="2022-03-24T16:31:19 EDT" name="afterevery" finished-at="2022-03-24T16:31:19 EDT" duration-ms="0" status="PASS">
          <reporter-output>
          </reporter-output>
        </test-method> <!-- afterevery -->
        <test-method signature="WebloginCarLoan(java.lang.String,java.lang.String)[pri:0, instance:test.Day3@4d0f2471]" started-at="2022-03-24T16:31:19 EDT" name="WebloginCarLoan" finished-at="2022-03-24T16:31:19 EDT" duration-ms="1" status="PASS">
          <params>
            <param index="0">
              <value>
                <![CDATA[CarLoan.com]]>
              </value>
            </param>
            <param index="1">
              <value>
                <![CDATA[123456]]>
              </value>
            </param>
          </params>
          <reporter-output>
          </reporter-output>
        </test-method> <!-- WebloginCarLoan -->
        <test-method is-config="true" signature="beforeevery()[pri:0, instance:test.Day3@4d0f2471]" started-at="2022-03-24T16:31:19 EDT" name="beforeevery" finished-at="2022-03-24T16:31:19 EDT" duration-ms="0" status="PASS">
          <reporter-output>
          </reporter-output>
        </test-method> <!-- beforeevery -->
        <test-method is-config="true" signature="afterevery()[pri:0, instance:test.Day3@4d0f2471]" started-at="2022-03-24T16:31:19 EDT" name="afterevery" finished-at="2022-03-24T16:31:19 EDT" duration-ms="0" status="PASS">
          <reporter-output>
          </reporter-output>
        </test-method> <!-- afterevery -->
        <test-method is-config="true" signature="beforeevery()[pri:0, instance:test.Day3@4d0f2471]" started-at="2022-03-24T16:31:19 EDT" name="beforeevery" finished-at="2022-03-24T16:31:19 EDT" duration-ms="1" status="PASS">
          <reporter-output>
          </reporter-output>
        </test-method> <!-- beforeevery -->
        <test-method signature="APICarLoan()[pri:0, instance:test.Day3@4d0f2471]" started-at="2022-03-24T16:31:19 EDT" name="APICarLoan" finished-at="2022-03-24T16:31:19 EDT" depends-on-methods="test.Day3.MobilesignoutCarLoan, test.Day3.WebloginCarLoan" duration-ms="1" status="PASS">
          <reporter-output>
          </reporter-output>
        </test-method> <!-- APICarLoan -->
        <test-method is-config="true" signature="afterevery()[pri:0, instance:test.Day3@4d0f2471]" started-at="2022-03-24T16:31:19 EDT" name="afterevery" finished-at="2022-03-24T16:31:19 EDT" duration-ms="0" status="PASS">
          <reporter-output>
          </reporter-output>
        </test-method> <!-- afterevery -->
      </class> <!-- test.Day3 -->
    </test> <!-- Car Loan -->
  </suite> <!-- Loan Department -->
</testng-results>
